<?xml version="1.0" encoding="UTF-8" ?>
<testsuite tests="10" failures="0" name="oop.ica.student.marks.part1.StudentTest" time="0.046" errors="0" skipped="6">
  <properties>
[...]
</properties>
  <testcase classname="oop.ica.student.marks.part1.StudentTest" name="testGetLastName" time="0.008"/>
  <testcase classname="oop.ica.student.marks.part1.StudentTest" name="testIsStudying" time="0.008">
    <skipped/>
  </testcase>
  <testcase classname="oop.ica.student.marks.part1.StudentTest" name="testAddModule" time="0.008">
    <skipped/>
  </testcase>
  <testcase classname="oop.ica.student.marks.part1.StudentTest" name="testGetModuleMark" time="0.009">
    <skipped/>
  </testcase>
  <testcase classname="oop.ica.student.marks.part1.StudentTest" name="testAddModuleMark" time="0.009">
    <skipped/>
  </testcase>
  <testcase classname="oop.ica.student.marks.part1.StudentTest" name="testGetFirstName" time="0.001"/>
  <testcase classname="oop.ica.student.marks.part1.StudentTest" name="testGetModuleMarks" time="0.001">
    <skipped/>
  </testcase>
  <testcase classname="oop.ica.student.marks.part1.StudentTest" name="testGetNumber" time="0.001"/>
  <testcase classname="oop.ica.student.marks.part1.StudentTest" name="testModuleResults" time="0.001">
    <skipped/>
  </testcase>
  <testcase classname="oop.ica.student.marks.part1.StudentTest" name="testGetFormalName" time="0"/>
</testsuite>